<?xml version="1.0" encoding="UTF-8"?>
<!-- Generated by org.testng.reporters.JUnitReportReporter -->
<testsuite hostname="ITAdmins-MacBook-Pro.local" failures="0" tests="2" name="com.selenium.smartwyre.test.SimpleInputDemoTest" time="18.920" errors="0" timestamp="26 Apr 2021 10:04:16 GMT" skipped="0">
  <testcase classname="com.selenium.smartwyre.test.SimpleInputDemoTest" name="seleniumEnterInputTest" time="14.036"/>
  <testcase classname="com.selenium.smartwyre.test.SimpleInputDemoTest" name="seleniumSumDemoTest" time="4.884"/>
</testsuite> <!-- com.selenium.smartwyre.test.SimpleInputDemoTest -->
