<?xml version="1.0" encoding="UTF-8"?>
<!-- Generated by org.testng.reporters.JUnitReportReporter -->
<testsuite hostname="ITAdmins-MacBook-Pro.local" failures="0" tests="2" name="com.selenium.smartwyre.testRunner.TestRunner" time="54.667" errors="0" timestamp="26 Apr 2021 10:00:05 GMT" skipped="0">
  <testcase classname="com.selenium.smartwyre.testRunner.TestRunner" name="runScenario" time="8.066"/>
  <testcase classname="com.selenium.smartwyre.testRunner.TestRunner" name="runScenario" time="46.601"/>
</testsuite> <!-- com.selenium.smartwyre.testRunner.TestRunner -->
