<?xml version="1.0" encoding="UTF-8"?>
<!-- Generated by org.testng.reporters.JUnitReportReporter -->
<testsuite hostname="ITAdmins-MacBook-Pro.local" failures="0" tests="3" name="com.selenium.smartwyre.test.SelectDemoTest" time="12.485" errors="0" timestamp="26 Apr 2021 10:04:16 GMT" skipped="0">
  <testcase classname="com.selenium.smartwyre.test.SelectDemoTest" name="multipleSelectCounrtiesDemo" time="0.692"/>
  <testcase classname="com.selenium.smartwyre.test.SelectDemoTest" name="selectDayByIndex" time="0.500"/>
  <testcase classname="com.selenium.smartwyre.test.SelectDemoTest" name="selectDayByValue" time="11.293"/>
</testsuite> <!-- com.selenium.smartwyre.test.SelectDemoTest -->
