<?xml version="1.0" encoding="UTF-8"?>
<!-- Generated by org.testng.reporters.JUnitReportReporter -->
<testsuite hostname="ITAdmins-MacBook-Pro.local" failures="0" tests="1" name="com.selenium.smartwyre.test.DragAndDropDemoTest" time="24.337" errors="0" timestamp="26 Apr 2021 10:04:16 GMT" skipped="0">
  <testcase classname="com.selenium.smartwyre.test.DragAndDropDemoTest" name="dragDropTest" time="24.337"/>
</testsuite> <!-- com.selenium.smartwyre.test.DragAndDropDemoTest -->
